A51 MACRO ASSEMBLER  TASK_3                                                               07/28/2024 11:24:28 PAGE     1


MACRO ASSEMBLER A51 V8.2.7.0
OBJECT MODULE PLACED IN .\Objects\task_3.obj
ASSEMBLER INVOKED BY: C:\Keil_v5\C51\BIN\A51.EXE task_3.a51 SET(SMALL) DEBUG PRINT(.\Listings\task_3.lst) OBJECT(.\Objec
                      ts\task_3.obj) EP

LOC  OBJ            LINE     SOURCE

                       1     
                       2     
0000                   3     ORG 0000H
0000 E530              4             MOV A, 30H
0002 F8                5             MOV R0, A
0003 E531              6             MOV A, 31H
0005 38                7             ADDC A, R0
0006 F541              8             MOV 41H, A
                       9             
                      10             
                      11             
0008 E532             12             MOV A, 32H
000A F9               13             MOV R1, A
000B E533             14             MOV A, 33H
000D 39               15             ADDC A, R1
000E F540             16             MOV 40H, A
                      17             
                      18             
                      19             
                      20             END
A51 MACRO ASSEMBLER  TASK_3                                                               07/28/2024 11:24:28 PAGE     2

SYMBOL TABLE LISTING
------ ----- -------


N A M E             T Y P E  V A L U E   ATTRIBUTES



REGISTER BANK(S) USED: 0 


ASSEMBLY COMPLETE.  0 WARNING(S), 0 ERROR(S)
