A51 MACRO ASSEMBLER  TASK_2                                                               07/25/2024 21:53:19 PAGE     1


MACRO ASSEMBLER A51 V8.2.7.0
OBJECT MODULE PLACED IN .\Objects\task_2.obj
ASSEMBLER INVOKED BY: C:\Keil_v5\C51\BIN\A51.EXE task_2.a51 SET(SMALL) DEBUG PRINT(.\Listings\task_2.lst) OBJECT(.\Objec
                      ts\task_2.obj) EP

LOC  OBJ            LINE     SOURCE

                       1     
                       2     
                       3     
0000                   4     ORG 0000H
0000 E530              5             MOV A, 30H
0002 9531              6             SUBB A, 31H
0004 F520              7             MOV 20H, A
                       8             END
A51 MACRO ASSEMBLER  TASK_2                                                               07/25/2024 21:53:19 PAGE     2

SYMBOL TABLE LISTING
------ ----- -------


N A M E             T Y P E  V A L U E   ATTRIBUTES



REGISTER BANK(S) USED: 0 


ASSEMBLY COMPLETE.  0 WARNING(S), 0 ERROR(S)
